make all --print-data-base --no-builtin-variables --no-builtin-rules --question
make: *** No rule to make target 'all'.  Stop.

# GNU Make 4.3
# Built for x86_64-pc-linux-gnu
# Copyright (C) 1988-2020 Free Software Foundation, Inc.
# License GPLv3+: GNU GPL version 3 or later <http://gnu.org/licenses/gpl.html>
# This is free software: you are free to change and redistribute it.
# There is NO WARRANTY, to the extent permitted by law.

# Make data base, printed on Sun Jun 12 13:40:38 2022

# Variables

# environment
JAVA_HOME = /usr/lib/jvm/java-11-openjdk-amd64
# environment
GDK_BACKEND = x11
# environment
LC_ALL = C
# environment
GNOME_SHELL_SESSION_MODE = ubuntu
# environment
SSH_AGENT_LAUNCHER = gnome-keyring
# environment
SNAP_INSTANCE_KEY = 
# environment
GJS_DEBUG_OUTPUT = stderr
# environment
VSCODE_IPC_HOOK_EXTHOST = /run/user/1000/vscode-ipc-975cbf5d-64c0-4648-a92c-467737b847b4.sock
# environment
LC_NAME = pt_BR.UTF-8
# environment
LC_NUMERIC = pt_BR.UTF-8
# environment
VSCODE_CWD = /home/luan
# environment
WINDOWPATH = 2
# environment
NVM_DIR = /home/luan/.nvm
# environment
LC_ADDRESS = pt_BR.UTF-8
# default
MAKE_COMMAND := make
# environment
QT_ACCESSIBILITY = 1
# automatic
@D = $(patsubst %/,%,$(dir $@))
# environment
SNAP_INSTANCE_NAME = code
# environment
GDK_PIXBUF_MODULEDIR = /snap/code/98/usr/lib/x86_64-linux-gnu/gdk-pixbuf-2.0/2.10.0/loaders
# environment
VSCODE_HANDLES_UNCAUGHT_ERRORS = true
# default
.VARIABLES := 
# environment
PWD = /home/luan/Documents/Masters/T2/Hash table
# automatic
%D = $(patsubst %/,%,$(dir $%))
# environment
XDG_DATA_DIRS = /usr/share/ubuntu:/usr/share/gnome:/usr/local/share/:/usr/share/:/var/lib/snapd/desktop
# automatic
^D = $(patsubst %/,%,$(dir $^))
# environment
VSCODE_LOG_STACK = false
# automatic
%F = $(notdir $%)
# environment
NVM_INC = /home/luan/.nvm/versions/node/v14.18.2/include/node
# environment
VSCODE_CODE_CACHE_PATH = /home/luan/.config/Code/CachedData/4af164ea3a06f701fe3e89a2bcbb421d2026b68f
# environment
LANG = C
# environment
XAUTHORITY = /run/user/1000/gdm/Xauthority
# default
.LOADED := 
# default
.INCLUDE_DIRS = /usr/local/include /usr/include /usr/include
# makefile
MAKEFLAGS = pqrR
# makefile
CURDIR := /home/luan/Documents/Masters/T2/Hash table
# environment
VSCODE_PIPE_LOGGING = true
# environment
APPLICATION_INSIGHTS_NO_DIAGNOSTIC_CHANNEL = 1
# environment
LESSOPEN = | /usr/bin/lesspipe %s
# automatic
*D = $(patsubst %/,%,$(dir $*))
# environment
MFLAGS = -pqrR
# environment
SSH_AUTH_SOCK = /run/user/1000/keyring/ssh
# default
.SHELLFLAGS := -c
# environment
NVM_BIN = /home/luan/.nvm/versions/node/v14.18.2/bin
# environment
XDG_CONFIG_DIRS = /etc/xdg/xdg-ubuntu:/etc/xdg
# automatic
+D = $(patsubst %/,%,$(dir $+))
# environment
XDG_SESSION_DESKTOP = ubuntu
# makefile (from 'makefile', line 1)
MAKEFILE_LIST := makefile
# environment
SNAP_REEXEC = 
# automatic
@F = $(notdir $@)
# environment
VSCODE_VERBOSE_LOGGING = true
# environment
VSCODE_PID = 12684
# environment
XDG_SESSION_TYPE = x11
# automatic
?D = $(patsubst %/,%,$(dir $?))
# environment
BAMF_DESKTOP_FILE_HINT = /var/lib/snapd/desktop/applications/code_code.desktop
# environment
SESSION_MANAGER = local/luan:@/tmp/.ICE-unix/1475,unix/luan:/tmp/.ICE-unix/1475
# automatic
*F = $(notdir $*)
# environment
CHROME_DESKTOP = code-url-handler.desktop
# environment
DBUS_SESSION_BUS_ADDRESS = unix:path=/run/user/1000/bus
# automatic
<D = $(patsubst %/,%,$(dir $<))
# environment
VSCODE_NLS_CONFIG = {"locale":"en-us","availableLanguages":{},"_languagePackSupport":true}
# default
MAKE_HOST := x86_64-pc-linux-gnu
# environment
ANDROID_HOME = /home/luan/Android/Sdk
# environment
GNOME_DESKTOP_SESSION_ID = this-is-deprecated
# makefile
SHELL = /bin/sh
# default
MAKECMDGOALS := all
# environment
XMODIFIERS = @im=ibus
# environment
GJS_DEBUG_TOPICS = JS ERROR;JS LOG
# environment
SHLVL = 0
# environment
MAKELEVEL := 0
# default
MAKE = $(MAKE_COMMAND)
# environment
SNAP_COOKIE = hNIbWgCl8HqPsHJywEmdRKmLVpn3IYerO6-8-Yimqqhm-1jFWF1X
# environment
PATH = /home/luan/.nvm/versions/node/v14.18.2/bin:/usr/local/sbin:/usr/local/bin:/usr/sbin:/usr/bin:/sbin:/bin:/usr/games:/usr/local/games:/snap/bin:/snap/bin:/home/luan/Android/Sdk/emulator:/home/luan/Android/Sdk/tools:/home/luan/Android/Sdk/tools/bin:/home/luan/Android/Sdk/platform-tools
# default
MAKEFILES := 
# environment
LC_MONETARY = pt_BR.UTF-8
# automatic
^F = $(notdir $^)
# environment
SNAP_USER_COMMON = /home/luan/snap/code/common
# environment
LC_TIME = pt_BR.UTF-8
# environment
SNAP = /snap/code/98
# environment
INVOCATION_ID = 52c5799fb275429ba65363e10bf2c2ca
# environment
SNAP_REVISION = 98
# environment
SNAP_REAL_HOME = /home/luan
# environment
VSCODE_LOG_NATIVE = false
# environment
USERNAME = luan
# environment
LC_TELEPHONE = pt_BR.UTF-8
# environment
LESSCLOSE = /usr/bin/lesspipe %s %s
# automatic
?F = $(notdir $?)
# environment
XDG_CURRENT_DESKTOP = Unity
# environment
LS_COLORS = 
# automatic
+F = $(notdir $+)
# environment
DESKTOP_SESSION = ubuntu
# environment
ORIGINAL_XDG_CURRENT_DESKTOP = ubuntu:GNOME
# 'override' directive
GNUMAKEFLAGS := 
# environment
LOGNAME = luan
# environment
GIO_LAUNCHED_DESKTOP_FILE = /var/lib/snapd/desktop/applications/code_code.desktop
# environment
SNAP_ARCH = amd64
# makefile
.DEFAULT_GOAL := hash
# environment
SYSTEMD_EXEC_PID = 1514
# environment
DISPLAY = :0
# environment
USER = luan
# environment
GTK_MODULES = gail:atk-bridge
# default
MAKE_VERSION := 4.3
# environment
DISABLE_WAYLAND = 1
# environment
SNAP_DATA = /var/snap/code/98
# environment
SNAP_CONTEXT = hNIbWgCl8HqPsHJywEmdRKmLVpn3IYerO6-8-Yimqqhm-1jFWF1X
# environment
MANAGERPID = 1068
# environment
LC_MEASUREMENT = pt_BR.UTF-8
# environment
GIO_LAUNCHED_DESKTOP_FILE_PID = 12637
# environment
_ = /snap/code/98/usr/share/code/code
# environment
LC_PAPER = pt_BR.UTF-8
# environment
XDG_RUNTIME_DIR = /run/user/1000
# environment
GPG_AGENT_INFO = /run/user/1000/gnupg/S.gpg-agent:0:1
# environment
GDK_PIXBUF_MODULE_FILE = /home/luan/snap/code/common/.cache/gdk-pixbuf-loaders.cache
# environment
LC_CTYPE = pt_BR.UTF-8
# environment
NVM_CD_FLAGS = 
# environment
JOURNAL_STREAM = 8:28859
# environment
XDG_SESSION_CLASS = user
# environment
VSCODE_AMD_ENTRYPOINT = vs/workbench/api/node/extensionHostProcess
# environment
HOME = /home/luan
# environment
QT_IM_MODULE = ibus
# environment
ELECTRON_RUN_AS_NODE = 1
# environment
VSCODE_IPC_HOOK = /run/user/1000/vscode-2cdbcb85-1.68.0-main.sock
# environment
SNAP_NAME = code
# environment
GSETTINGS_SCHEMA_DIR = /snap/code/98/usr/share/glib-2.0/schemas
# default
.RECIPEPREFIX := 
# automatic
<F = $(notdir $<)
# environment
SNAP_VERSION = 4af164ea
# default
SUFFIXES := 
# environment
VSCODE_CLI = 1
# environment
ELECTRON_NO_ATTACH_CONSOLE = 1
# environment
SNAP_COMMON = /var/snap/code/common
# default
.FEATURES := target-specific order-only second-expansion else-if shortest-stem undefine oneshell nocomment grouped-target extra-prereqs archives jobserver output-sync check-symlink load
# environment
SNAP_USER_DATA = /home/luan/snap/code/98
# environment
XDG_MENU_PREFIX = gnome-
# environment
GDMSESSION = ubuntu
# environment
LC_IDENTIFICATION = pt_BR.UTF-8
# environment
SNAP_LIBRARY_PATH = /var/lib/snapd/lib/gl:/var/lib/snapd/lib/gl32:/var/lib/snapd/void
# variable set hash-table stats:
 
# Load=136/1024=13%, Rehash=0, Collisions=5/166=3%

# Pattern-specific Variable Values

# No pattern-specific variable values.

# Directories

# . (device 2054, inode 3676568): 9 files, no impossibilities.

# 9 files, no impossibilities in 1 directories.

# Implicit Rules

# No implicit rules.

# Files

clean:
#  Implicit rule search has not been done.
#  Modification time never checked.
#  File has not been updated.
#  recipe to execute (from 'makefile', line 7):
	rm *.o
	rm main

# Not a target:
.DEFAULT:
#  Implicit rule search has not been done.
#  Modification time never checked.
#  File has not been updated.

# Not a target:
all:
#  Command line target.
#  Implicit rule search has been done.
#  File does not exist.
#  File has not been updated.

hash:
#  Implicit rule search has not been done.
#  Modification time never checked.
#  File has not been updated.
#  recipe to execute (from 'makefile', line 2):
	gcc -c hash.c
	gcc main.c hash.o -o main -lm
	./main 500

# Not a target:
makefile:
#  Implicit rule search has been done.
#  Last modified 2022-06-12 13:40:38.053908798
#  File has been updated.
#  Successfully updated.

# files hash-table stats:
# Load=6/1024=1%, Rehash=0, Collisions=0/16=0%
# VPATH Search Paths

# No 'vpath' search paths.

# No general ('VPATH' variable) search path.

# strcache buffers: 1 (0) / strings = 16 / storage = 121 B / avg = 7 B
# current buf: size = 8162 B / used = 121 B / count = 16 / avg = 7 B

# strcache performance: lookups = 22 / hit rate = 27%
# hash-table stats:
# Load=16/8192=0%, Rehash=0, Collisions=0/22=0%
# Finished Make data base on Sun Jun 12 13:40:38 2022

 
